{"/Users/minhtri/Documents/WorkSpace/Lapbee/Backend/src/constants/errorInstance.constant.ts": {"path":"/Users/minhtri/Documents/WorkSpace/Lapbee/Backend/src/constants/errorInstance.constant.ts","statementMap":{"0":{"start":{"line":1,"column":0},"end":{"line":1,"column":null}},"1":{"start":{"line":2,"column":2},"end":{"line":2,"column":null}}},"fnMap":{"0":{"name":"(anonymous_0)","decl":{"start":{"line":1,"column":0},"end":{"line":1,"column":12}},"loc":{"start":{"line":1,"column":25},"end":{"line":3,"column":1}}}},"branchMap":{"0":{"loc":{"start":{"line":1,"column":12},"end":{"line":1,"column":null}},"type":"binary-expr","locations":[{"start":{"line":1,"column":12},"end":{"line":1,"column":25}},{"start":{"line":1,"column":25},"end":{"line":1,"column":null}}]}},"s":{"0":1,"1":1},"f":{"0":1},"b":{"0":[1,1]}}
,"/Users/minhtri/Documents/WorkSpace/Lapbee/Backend/src/errors/AppError.error.ts": {"path":"/Users/minhtri/Documents/WorkSpace/Lapbee/Backend/src/errors/AppError.error.ts","statementMap":{"0":{"start":{"line":2,"column":0},"end":{"line":2,"column":71}},"1":{"start":{"line":6,"column":36},"end":{"line":6,"column":40}},"2":{"start":{"line":7,"column":42},"end":{"line":7,"column":59}},"3":{"start":{"line":9,"column":55},"end":{"line":9,"column":72}},"4":{"start":{"line":12,"column":4},"end":{"line":12,"column":19}},"5":{"start":{"line":13,"column":4},"end":{"line":13,"column":33}},"6":{"start":{"line":14,"column":4},"end":{"line":14,"column":27}},"7":{"start":{"line":16,"column":4},"end":{"line":16,"column":54}},"8":{"start":{"line":18,"column":4},"end":{"line":18,"column":52}},"9":{"start":{"line":4,"column":0},"end":{"line":4,"column":13}}},"fnMap":{"0":{"name":"(anonymous_0)","decl":{"start":{"line":11,"column":2},"end":{"line":11,"column":14}},"loc":{"start":{"line":11,"column":54},"end":{"line":19,"column":3}}}},"branchMap":{},"s":{"0":1,"1":1,"2":1,"3":1,"4":1,"5":1,"6":1,"7":1,"8":1,"9":1},"f":{"0":1},"b":{}}
,"/Users/minhtri/Documents/WorkSpace/Lapbee/Backend/src/utils/responses.util.ts": {"path":"/Users/minhtri/Documents/WorkSpace/Lapbee/Backend/src/utils/responses.util.ts","statementMap":{"0":{"start":{"line":9,"column":35},"end":{"line":18,"column":1}},"1":{"start":{"line":10,"column":32},"end":{"line":10,"column":38}},"2":{"start":{"line":11,"column":2},"end":{"line":17,"column":5}},"3":{"start":{"line":9,"column":13},"end":{"line":9,"column":35}}},"fnMap":{"0":{"name":"(anonymous_0)","decl":{"start":{"line":9,"column":35},"end":{"line":9,"column":56}},"loc":{"start":{"line":9,"column":99},"end":{"line":18,"column":1}}}},"branchMap":{"0":{"loc":{"start":{"line":15,"column":10},"end":{"line":15,"column":30}},"type":"binary-expr","locations":[{"start":{"line":15,"column":10},"end":{"line":15,"column":22}},{"start":{"line":15,"column":26},"end":{"line":15,"column":30}}]},"1":{"loc":{"start":{"line":16,"column":14},"end":{"line":16,"column":38}},"type":"binary-expr","locations":[{"start":{"line":16,"column":14},"end":{"line":16,"column":30}},{"start":{"line":16,"column":34},"end":{"line":16,"column":38}}]}},"s":{"0":1,"1":3,"2":3,"3":1},"f":{"0":3},"b":{"0":[3,1],"1":[3,2]}}
}
