{"/Users/minhtri/Documents/WorkSpace/Lapbee/Backend/src/configs/env.config.ts": {"path":"/Users/minhtri/Documents/WorkSpace/Lapbee/Backend/src/configs/env.config.ts","statementMap":{"0":{"start":{"line":1,"column":13},"end":{"line":54,"column":2}}},"fnMap":{},"branchMap":{"0":{"loc":{"start":{"line":3,"column":10},"end":{"line":3,"column":34}},"type":"binary-expr","locations":[{"start":{"line":3,"column":10},"end":{"line":3,"column":26}},{"start":{"line":3,"column":30},"end":{"line":3,"column":34}}]},"1":{"loc":{"start":{"line":9,"column":31},"end":{"line":9,"column":93}},"type":"binary-expr","locations":[{"start":{"line":9,"column":31},"end":{"line":9,"column":88}},{"start":{"line":9,"column":92},"end":{"line":9,"column":93}}]},"2":{"loc":{"start":{"line":13,"column":10},"end":{"line":13,"column":48}},"type":"binary-expr","locations":[{"start":{"line":13,"column":10},"end":{"line":13,"column":37}},{"start":{"line":13,"column":41},"end":{"line":13,"column":48}}]},"3":{"loc":{"start":{"line":21,"column":10},"end":{"line":21,"column":47}},"type":"binary-expr","locations":[{"start":{"line":21,"column":10},"end":{"line":21,"column":32}},{"start":{"line":21,"column":36},"end":{"line":21,"column":47}}]},"4":{"loc":{"start":{"line":22,"column":10},"end":{"line":22,"column":40}},"type":"binary-expr","locations":[{"start":{"line":22,"column":10},"end":{"line":22,"column":32}},{"start":{"line":22,"column":36},"end":{"line":22,"column":40}}]}},"s":{"0":4},"f":{},"b":{"0":[4,4],"1":[4,4],"2":[4,4],"3":[4,4],"4":[4,4]}}
,"/Users/minhtri/Documents/WorkSpace/Lapbee/Backend/src/constants/errorCodes.constant.ts": {"path":"/Users/minhtri/Documents/WorkSpace/Lapbee/Backend/src/constants/errorCodes.constant.ts","statementMap":{"0":{"start":{"line":1,"column":0},"end":{"line":1,"column":81}},"1":{"start":{"line":7,"column":13},"end":{"line":14,"column":11}}},"fnMap":{},"branchMap":{},"s":{"0":1,"1":1},"f":{},"b":{}}
,"/Users/minhtri/Documents/WorkSpace/Lapbee/Backend/src/constants/errorInstance.constant.ts": {"path":"/Users/minhtri/Documents/WorkSpace/Lapbee/Backend/src/constants/errorInstance.constant.ts","statementMap":{"0":{"start":{"line":1,"column":13},"end":{"line":8,"column":11}}},"fnMap":{},"branchMap":{},"s":{"0":1},"f":{},"b":{}}
,"/Users/minhtri/Documents/WorkSpace/Lapbee/Backend/src/constants/errorMessages.constant.ts": {"path":"/Users/minhtri/Documents/WorkSpace/Lapbee/Backend/src/constants/errorMessages.constant.ts","statementMap":{"0":{"start":{"line":1,"column":0},"end":{"line":1,"column":81}},"1":{"start":{"line":7,"column":13},"end":{"line":16,"column":2}}},"fnMap":{},"branchMap":{},"s":{"0":1,"1":1},"f":{},"b":{}}
,"/Users/minhtri/Documents/WorkSpace/Lapbee/Backend/src/constants/redisKeys.constant.ts": {"path":"/Users/minhtri/Documents/WorkSpace/Lapbee/Backend/src/constants/redisKeys.constant.ts","statementMap":{"0":{"start":{"line":1,"column":0},"end":{"line":1,"column":null}},"1":{"start":{"line":2,"column":2},"end":{"line":2,"column":null}}},"fnMap":{"0":{"name":"(anonymous_0)","decl":{"start":{"line":1,"column":0},"end":{"line":1,"column":12}},"loc":{"start":{"line":1,"column":21},"end":{"line":3,"column":1}}}},"branchMap":{"0":{"loc":{"start":{"line":1,"column":12},"end":{"line":1,"column":null}},"type":"binary-expr","locations":[{"start":{"line":1,"column":12},"end":{"line":1,"column":21}},{"start":{"line":1,"column":21},"end":{"line":1,"column":null}}]}},"s":{"0":2,"1":2},"f":{"0":2},"b":{"0":[2,2]}}
,"/Users/minhtri/Documents/WorkSpace/Lapbee/Backend/src/constants/typePinCode.constant.ts": {"path":"/Users/minhtri/Documents/WorkSpace/Lapbee/Backend/src/constants/typePinCode.constant.ts","statementMap":{"0":{"start":{"line":1,"column":13},"end":{"line":3,"column":11}}},"fnMap":{},"branchMap":{},"s":{"0":7},"f":{},"b":{}}
,"/Users/minhtri/Documents/WorkSpace/Lapbee/Backend/src/constants/validationMessages.constant.ts": {"path":"/Users/minhtri/Documents/WorkSpace/Lapbee/Backend/src/constants/validationMessages.constant.ts","statementMap":{"0":{"start":{"line":1,"column":13},"end":{"line":13,"column":2}}},"fnMap":{},"branchMap":{},"s":{"0":1},"f":{},"b":{}}
,"/Users/minhtri/Documents/WorkSpace/Lapbee/Backend/src/enums/modePinCode.enum.ts": {"path":"/Users/minhtri/Documents/WorkSpace/Lapbee/Backend/src/enums/modePinCode.enum.ts","statementMap":{"0":{"start":{"line":1,"column":0},"end":{"line":1,"column":null}},"1":{"start":{"line":2,"column":2},"end":{"line":2,"column":null}},"2":{"start":{"line":3,"column":2},"end":{"line":3,"column":null}},"3":{"start":{"line":4,"column":2},"end":{"line":4,"column":null}}},"fnMap":{"0":{"name":"(anonymous_0)","decl":{"start":{"line":1,"column":0},"end":{"line":1,"column":12}},"loc":{"start":{"line":1,"column":27},"end":{"line":5,"column":1}}}},"branchMap":{"0":{"loc":{"start":{"line":1,"column":12},"end":{"line":1,"column":null}},"type":"binary-expr","locations":[{"start":{"line":1,"column":12},"end":{"line":1,"column":27}},{"start":{"line":1,"column":27},"end":{"line":1,"column":null}}]}},"s":{"0":7,"1":7,"2":7,"3":7},"f":{"0":7},"b":{"0":[7,7]}}
,"/Users/minhtri/Documents/WorkSpace/Lapbee/Backend/src/errors/AppError.error.ts": {"path":"/Users/minhtri/Documents/WorkSpace/Lapbee/Backend/src/errors/AppError.error.ts","statementMap":{"0":{"start":{"line":2,"column":0},"end":{"line":2,"column":83}},"1":{"start":{"line":3,"column":0},"end":{"line":3,"column":111}},"2":{"start":{"line":4,"column":0},"end":{"line":4,"column":71}},"3":{"start":{"line":22,"column":4},"end":{"line":22,"column":69}},"4":{"start":{"line":23,"column":4},"end":{"line":23,"column":33}},"5":{"start":{"line":24,"column":4},"end":{"line":24,"column":57}},"6":{"start":{"line":25,"column":4},"end":{"line":25,"column":52}},"7":{"start":{"line":26,"column":4},"end":{"line":26,"column":27}},"8":{"start":{"line":27,"column":4},"end":{"line":27,"column":71}},"9":{"start":{"line":28,"column":4},"end":{"line":28,"column":48}},"10":{"start":{"line":29,"column":4},"end":{"line":29,"column":64}},"11":{"start":{"line":30,"column":4},"end":{"line":30,"column":54}},"12":{"start":{"line":32,"column":4},"end":{"line":32,"column":52}},"13":{"start":{"line":13,"column":0},"end":{"line":13,"column":13}}},"fnMap":{"0":{"name":"(anonymous_0)","decl":{"start":{"line":21,"column":2},"end":{"line":21,"column":24}},"loc":{"start":{"line":21,"column":98},"end":{"line":33,"column":3}}}},"branchMap":{"0":{"loc":{"start":{"line":22,"column":10},"end":{"line":22,"column":67}},"type":"binary-expr","locations":[{"start":{"line":22,"column":10},"end":{"line":22,"column":17}},{"start":{"line":22,"column":21},"end":{"line":22,"column":67}}]},"1":{"loc":{"start":{"line":27,"column":25},"end":{"line":27,"column":70}},"type":"cond-expr","locations":[{"start":{"line":27,"column":58},"end":{"line":27,"column":63}},{"start":{"line":27,"column":66},"end":{"line":27,"column":70}}]},"2":{"loc":{"start":{"line":29,"column":19},"end":{"line":29,"column":63}},"type":"binary-expr","locations":[{"start":{"line":29,"column":19},"end":{"line":29,"column":26}},{"start":{"line":29,"column":30},"end":{"line":29,"column":63}}]}},"s":{"0":1,"1":1,"2":1,"3":5,"4":5,"5":5,"6":5,"7":5,"8":5,"9":5,"10":5,"11":5,"12":5,"13":1},"f":{"0":5},"b":{"0":[5,5],"1":[1,4],"2":[5,5]}}
,"/Users/minhtri/Documents/WorkSpace/Lapbee/Backend/src/errors/EmailAlreadyPendingVerification.error.ts": {"path":"/Users/minhtri/Documents/WorkSpace/Lapbee/Backend/src/errors/EmailAlreadyPendingVerification.error.ts","statementMap":{"0":{"start":{"line":1,"column":0},"end":{"line":1,"column":48}},"1":{"start":{"line":2,"column":0},"end":{"line":2,"column":47}},"2":{"start":{"line":18,"column":4},"end":{"line":23,"column":7}},"3":{"start":{"line":16,"column":0},"end":{"line":16,"column":13}}},"fnMap":{"0":{"name":"(anonymous_0)","decl":{"start":{"line":17,"column":2},"end":{"line":17,"column":14}},"loc":{"start":{"line":17,"column":65},"end":{"line":24,"column":3}}}},"branchMap":{"0":{"loc":{"start":{"line":17,"column":30},"end":{"line":17,"column":44}},"type":"default-arg","locations":[{"start":{"line":17,"column":40},"end":{"line":17,"column":44}}]}},"s":{"0":1,"1":1,"2":1,"3":1},"f":{"0":1},"b":{"0":[1]}}
,"/Users/minhtri/Documents/WorkSpace/Lapbee/Backend/src/errors/EmailExist.error.ts": {"path":"/Users/minhtri/Documents/WorkSpace/Lapbee/Backend/src/errors/EmailExist.error.ts","statementMap":{"0":{"start":{"line":1,"column":0},"end":{"line":1,"column":48}},"1":{"start":{"line":2,"column":0},"end":{"line":2,"column":47}},"2":{"start":{"line":15,"column":4},"end":{"line":23,"column":7}},"3":{"start":{"line":13,"column":0},"end":{"line":13,"column":13}}},"fnMap":{"0":{"name":"(anonymous_0)","decl":{"start":{"line":14,"column":2},"end":{"line":14,"column":14}},"loc":{"start":{"line":14,"column":51},"end":{"line":24,"column":3}}}},"branchMap":{"0":{"loc":{"start":{"line":14,"column":16},"end":{"line":14,"column":30}},"type":"default-arg","locations":[{"start":{"line":14,"column":26},"end":{"line":14,"column":30}}]}},"s":{"0":1,"1":1,"2":1,"3":1},"f":{"0":1},"b":{"0":[1]}}
,"/Users/minhtri/Documents/WorkSpace/Lapbee/Backend/src/errors/Unknown.error.ts": {"path":"/Users/minhtri/Documents/WorkSpace/Lapbee/Backend/src/errors/Unknown.error.ts","statementMap":{"0":{"start":{"line":1,"column":0},"end":{"line":1,"column":48}},"1":{"start":{"line":2,"column":0},"end":{"line":2,"column":47}},"2":{"start":{"line":11,"column":4},"end":{"line":11,"column":114}},"3":{"start":{"line":9,"column":0},"end":{"line":9,"column":13}}},"fnMap":{"0":{"name":"(anonymous_0)","decl":{"start":{"line":10,"column":2},"end":{"line":10,"column":14}},"loc":{"start":{"line":10,"column":51},"end":{"line":12,"column":3}}}},"branchMap":{"0":{"loc":{"start":{"line":10,"column":16},"end":{"line":10,"column":30}},"type":"default-arg","locations":[{"start":{"line":10,"column":26},"end":{"line":10,"column":30}}]}},"s":{"0":1,"1":1,"2":1,"3":1},"f":{"0":1},"b":{"0":[1]}}
,"/Users/minhtri/Documents/WorkSpace/Lapbee/Backend/src/errors/ValidateRequestBody.error.ts": {"path":"/Users/minhtri/Documents/WorkSpace/Lapbee/Backend/src/errors/ValidateRequestBody.error.ts","statementMap":{"0":{"start":{"line":1,"column":0},"end":{"line":1,"column":48}},"1":{"start":{"line":3,"column":0},"end":{"line":3,"column":47}},"2":{"start":{"line":14,"column":4},"end":{"line":19,"column":7}},"3":{"start":{"line":12,"column":0},"end":{"line":12,"column":13}}},"fnMap":{"0":{"name":"(anonymous_0)","decl":{"start":{"line":13,"column":2},"end":{"line":13,"column":14}},"loc":{"start":{"line":13,"column":68},"end":{"line":20,"column":3}}}},"branchMap":{"0":{"loc":{"start":{"line":13,"column":30},"end":{"line":13,"column":44}},"type":"default-arg","locations":[{"start":{"line":13,"column":40},"end":{"line":13,"column":44}}]}},"s":{"0":1,"1":1,"2":1,"3":1},"f":{"0":1},"b":{"0":[1]}}
,"/Users/minhtri/Documents/WorkSpace/Lapbee/Backend/src/errors/VerificationPendingOtpExpired.error.ts": {"path":"/Users/minhtri/Documents/WorkSpace/Lapbee/Backend/src/errors/VerificationPendingOtpExpired.error.ts","statementMap":{"0":{"start":{"line":1,"column":0},"end":{"line":1,"column":48}},"1":{"start":{"line":2,"column":0},"end":{"line":2,"column":47}},"2":{"start":{"line":17,"column":4},"end":{"line":22,"column":7}},"3":{"start":{"line":15,"column":0},"end":{"line":15,"column":13}}},"fnMap":{"0":{"name":"(anonymous_0)","decl":{"start":{"line":16,"column":2},"end":{"line":16,"column":14}},"loc":{"start":{"line":16,"column":65},"end":{"line":23,"column":3}}}},"branchMap":{"0":{"loc":{"start":{"line":16,"column":30},"end":{"line":16,"column":44}},"type":"default-arg","locations":[{"start":{"line":16,"column":40},"end":{"line":16,"column":44}}]}},"s":{"0":1,"1":1,"2":1,"3":1},"f":{"0":1},"b":{"0":[1]}}
,"/Users/minhtri/Documents/WorkSpace/Lapbee/Backend/src/schema/zod/api/requests/auth/local.schema.ts": {"path":"/Users/minhtri/Documents/WorkSpace/Lapbee/Backend/src/schema/zod/api/requests/auth/local.schema.ts","statementMap":{"0":{"start":{"line":1,"column":0},"end":{"line":1,"column":24}},"1":{"start":{"line":2,"column":0},"end":{"line":2,"column":93}},"2":{"start":{"line":4,"column":42},"end":{"line":4,"column":69}},"3":{"start":{"line":6,"column":13},"end":{"line":12,"column":3}}},"fnMap":{},"branchMap":{},"s":{"0":1,"1":1,"2":1,"3":1},"f":{},"b":{}}
,"/Users/minhtri/Documents/WorkSpace/Lapbee/Backend/src/services/Ioredis.service.ts": {"path":"/Users/minhtri/Documents/WorkSpace/Lapbee/Backend/src/services/Ioredis.service.ts","statementMap":{"0":{"start":{"line":2,"column":0},"end":{"line":2,"column":71}},"1":{"start":{"line":3,"column":0},"end":{"line":3,"column":47}},"2":{"start":{"line":23,"column":56},"end":{"line":23,"column":117}},"3":{"start":{"line":24,"column":56},"end":{"line":24,"column":100}},"4":{"start":{"line":27,"column":4},"end":{"line":27,"column":32}},"5":{"start":{"line":51,"column":31},"end":{"line":51,"column":37}},"6":{"start":{"line":54,"column":24},"end":{"line":54,"column":53}},"7":{"start":{"line":57,"column":33},"end":{"line":57,"column":86}},"8":{"start":{"line":60,"column":39},"end":{"line":60,"column":90}},"9":{"start":{"line":62,"column":16},"end":{"line":62,"column":63}},"10":{"start":{"line":63,"column":18},"end":{"line":63,"column":54}},"11":{"start":{"line":64,"column":4},"end":{"line":64,"column":76}},"12":{"start":{"line":65,"column":4},"end":{"line":65,"column":36}},"13":{"start":{"line":69,"column":16},"end":{"line":69,"column":63}},"14":{"start":{"line":70,"column":17},"end":{"line":70,"column":51}},"15":{"start":{"line":71,"column":4},"end":{"line":71,"column":16}},"16":{"start":{"line":21,"column":0},"end":{"line":21,"column":13}}},"fnMap":{"0":{"name":"(anonymous_0)","decl":{"start":{"line":26,"column":2},"end":{"line":26,"column":14}},"loc":{"start":{"line":26,"column":26},"end":{"line":28,"column":3}}},"1":{"name":"(anonymous_1)","decl":{"start":{"line":50,"column":9},"end":{"line":50,"column":14}},"loc":{"start":{"line":50,"column":74},"end":{"line":66,"column":3}}},"2":{"name":"(anonymous_2)","decl":{"start":{"line":68,"column":9},"end":{"line":68,"column":14}},"loc":{"start":{"line":68,"column":75},"end":{"line":72,"column":3}}}},"branchMap":{},"s":{"0":2,"1":2,"2":4,"3":4,"4":4,"5":3,"6":3,"7":3,"8":3,"9":3,"10":3,"11":3,"12":2,"13":0,"14":0,"15":0,"16":2},"f":{"0":4,"1":3,"2":0},"b":{}}
,"/Users/minhtri/Documents/WorkSpace/Lapbee/Backend/src/utils/JwtGenerator.util.ts": {"path":"/Users/minhtri/Documents/WorkSpace/Lapbee/Backend/src/utils/JwtGenerator.util.ts","statementMap":{"0":{"start":{"line":1,"column":0},"end":{"line":1,"column":47}},"1":{"start":{"line":2,"column":0},"end":{"line":2,"column":36}},"2":{"start":{"line":15,"column":4},"end":{"line":17,"column":5}},"3":{"start":{"line":16,"column":6},"end":{"line":16,"column":51}},"4":{"start":{"line":19,"column":4},"end":{"line":19,"column":34}},"5":{"start":{"line":23,"column":23},"end":{"line":23,"column":64}},"6":{"start":{"line":24,"column":20},"end":{"line":24,"column":68}},"7":{"start":{"line":25,"column":21},"end":{"line":28,"column":6}},"8":{"start":{"line":30,"column":4},"end":{"line":30,"column":20}},"9":{"start":{"line":34,"column":4},"end":{"line":34,"column":44}},"10":{"start":{"line":38,"column":13},"end":{"line":38,"column":56}}},"fnMap":{"0":{"name":"(anonymous_0)","decl":{"start":{"line":12,"column":2},"end":{"line":12,"column":17}},"loc":{"start":{"line":12,"column":2},"end":{"line":12,"column":18}}},"1":{"name":"(anonymous_1)","decl":{"start":{"line":14,"column":2},"end":{"line":14,"column":8}},"loc":{"start":{"line":14,"column":20},"end":{"line":20,"column":3}}},"2":{"name":"(anonymous_2)","decl":{"start":{"line":22,"column":9},"end":{"line":22,"column":20}},"loc":{"start":{"line":22,"column":54},"end":{"line":31,"column":3}}},"3":{"name":"(anonymous_3)","decl":{"start":{"line":33,"column":9},"end":{"line":33,"column":35}},"loc":{"start":{"line":33,"column":49},"end":{"line":35,"column":3}}}},"branchMap":{"0":{"loc":{"start":{"line":15,"column":4},"end":{"line":17,"column":5}},"type":"if","locations":[{"start":{"line":15,"column":4},"end":{"line":17,"column":5}}]}},"s":{"0":1,"1":1,"2":1,"3":1,"4":1,"5":1,"6":1,"7":1,"8":1,"9":4,"10":1},"f":{"0":1,"1":1,"2":1,"3":4},"b":{"0":[1]}}
,"/Users/minhtri/Documents/WorkSpace/Lapbee/Backend/src/utils/RedisKeyGenerator.util.ts": {"path":"/Users/minhtri/Documents/WorkSpace/Lapbee/Backend/src/utils/RedisKeyGenerator.util.ts","statementMap":{"0":{"start":{"line":1,"column":0},"end":{"line":1,"column":63}},"1":{"start":{"line":26,"column":22},"end":{"line":26,"column":28}},"2":{"start":{"line":27,"column":4},"end":{"line":27,"column":57}},"3":{"start":{"line":7,"column":0},"end":{"line":7,"column":13}}},"fnMap":{"0":{"name":"(anonymous_0)","decl":{"start":{"line":25,"column":2},"end":{"line":25,"column":8}},"loc":{"start":{"line":25,"column":60},"end":{"line":28,"column":3}}}},"branchMap":{},"s":{"0":1,"1":3,"2":3,"3":1},"f":{"0":3},"b":{}}
,"/Users/minhtri/Documents/WorkSpace/Lapbee/Backend/src/utils/responses.util.ts": {"path":"/Users/minhtri/Documents/WorkSpace/Lapbee/Backend/src/utils/responses.util.ts","statementMap":{"0":{"start":{"line":1,"column":0},"end":{"line":1,"column":47}},"1":{"start":{"line":4,"column":0},"end":{"line":4,"column":48}},"2":{"start":{"line":21,"column":35},"end":{"line":30,"column":1}},"3":{"start":{"line":22,"column":32},"end":{"line":22,"column":38}},"4":{"start":{"line":23,"column":2},"end":{"line":29,"column":5}},"5":{"start":{"line":21,"column":13},"end":{"line":21,"column":35}},"6":{"start":{"line":32,"column":44},"end":{"line":35,"column":1}},"7":{"start":{"line":33,"column":23},"end":{"line":33,"column":29}},"8":{"start":{"line":34,"column":2},"end":{"line":34,"column":42}},"9":{"start":{"line":32,"column":13},"end":{"line":32,"column":44}},"10":{"start":{"line":37,"column":33},"end":{"line":61,"column":1}},"11":{"start":{"line":38,"column":32},"end":{"line":38,"column":38}},"12":{"start":{"line":40,"column":52},"end":{"line":54,"column":4}},"13":{"start":{"line":56,"column":2},"end":{"line":58,"column":3}},"14":{"start":{"line":57,"column":4},"end":{"line":57,"column":45}},"15":{"start":{"line":60,"column":2},"end":{"line":60,"column":64}},"16":{"start":{"line":37,"column":13},"end":{"line":37,"column":33}}},"fnMap":{"0":{"name":"(anonymous_0)","decl":{"start":{"line":21,"column":35},"end":{"line":21,"column":56}},"loc":{"start":{"line":21,"column":99},"end":{"line":30,"column":1}}},"1":{"name":"(anonymous_1)","decl":{"start":{"line":32,"column":44},"end":{"line":32,"column":45}},"loc":{"start":{"line":32,"column":91},"end":{"line":35,"column":1}}},"2":{"name":"(anonymous_2)","decl":{"start":{"line":37,"column":33},"end":{"line":37,"column":37}},"loc":{"start":{"line":37,"column":75},"end":{"line":61,"column":1}}}},"branchMap":{"0":{"loc":{"start":{"line":27,"column":10},"end":{"line":27,"column":30}},"type":"binary-expr","locations":[{"start":{"line":27,"column":10},"end":{"line":27,"column":22}},{"start":{"line":27,"column":26},"end":{"line":27,"column":30}}]},"1":{"loc":{"start":{"line":28,"column":14},"end":{"line":28,"column":38}},"type":"binary-expr","locations":[{"start":{"line":28,"column":14},"end":{"line":28,"column":30}},{"start":{"line":28,"column":34},"end":{"line":28,"column":38}}]},"2":{"loc":{"start":{"line":47,"column":15},"end":{"line":47,"column":38}},"type":"binary-expr","locations":[{"start":{"line":47,"column":15},"end":{"line":47,"column":30}},{"start":{"line":47,"column":34},"end":{"line":47,"column":38}}]},"3":{"loc":{"start":{"line":56,"column":2},"end":{"line":58,"column":3}},"type":"if","locations":[{"start":{"line":56,"column":2},"end":{"line":58,"column":3}}]},"4":{"loc":{"start":{"line":56,"column":6},"end":{"line":56,"column":89}},"type":"binary-expr","locations":[{"start":{"line":56,"column":6},"end":{"line":56,"column":32}},{"start":{"line":56,"column":37},"end":{"line":56,"column":63}},{"start":{"line":56,"column":67},"end":{"line":56,"column":88}}]}},"s":{"0":3,"1":3,"2":3,"3":3,"4":3,"5":3,"6":3,"7":1,"8":1,"9":3,"10":3,"11":5,"12":5,"13":5,"14":4,"15":5,"16":3},"f":{"0":3,"1":1,"2":5},"b":{"0":[3,1],"1":[3,2],"2":[5,1],"3":[4],"4":[5,4,4]}}
,"/Users/minhtri/Documents/WorkSpace/Lapbee/Backend/src/utils/pinCode/core/PinCode.ts": {"path":"/Users/minhtri/Documents/WorkSpace/Lapbee/Backend/src/utils/pinCode/core/PinCode.ts","statementMap":{"0":{"start":{"line":1,"column":0},"end":{"line":1,"column":33}},"1":{"start":{"line":3,"column":0},"end":{"line":3,"column":69}},"2":{"start":{"line":19,"column":30},"end":{"line":19,"column":42}},"3":{"start":{"line":20,"column":33},"end":{"line":20,"column":87}},"4":{"start":{"line":30,"column":42},"end":{"line":34,"column":4}},"5":{"start":{"line":31,"column":57},"end":{"line":31,"column":90}},"6":{"start":{"line":32,"column":60},"end":{"line":32,"column":95}},"7":{"start":{"line":33,"column":57},"end":{"line":33,"column":97}},"8":{"start":{"line":35,"column":70},"end":{"line":39,"column":4}},"9":{"start":{"line":36,"column":56},"end":{"line":36,"column":87}},"10":{"start":{"line":37,"column":59},"end":{"line":37,"column":93}},"11":{"start":{"line":38,"column":64},"end":{"line":38,"column":100}},"12":{"start":{"line":56,"column":4},"end":{"line":56,"column":26}},"13":{"start":{"line":57,"column":4},"end":{"line":57,"column":22}},"14":{"start":{"line":58,"column":4},"end":{"line":58,"column":22}},"15":{"start":{"line":59,"column":4},"end":{"line":59,"column":39}},"16":{"start":{"line":60,"column":4},"end":{"line":60,"column":45}},"17":{"start":{"line":61,"column":4},"end":{"line":61,"column":76}},"18":{"start":{"line":75,"column":4},"end":{"line":77,"column":5}},"19":{"start":{"line":76,"column":6},"end":{"line":76,"column":60}},"20":{"start":{"line":78,"column":4},"end":{"line":80,"column":5}},"21":{"start":{"line":79,"column":6},"end":{"line":79,"column":56}},"22":{"start":{"line":82,"column":18},"end":{"line":82,"column":20}},"23":{"start":{"line":83,"column":29},"end":{"line":83,"column":46}},"24":{"start":{"line":84,"column":4},"end":{"line":87,"column":5}},"25":{"start":{"line":84,"column":17},"end":{"line":84,"column":18}},"26":{"start":{"line":85,"column":26},"end":{"line":85,"column":70}},"27":{"start":{"line":86,"column":6},"end":{"line":86,"column":48}},"28":{"start":{"line":88,"column":4},"end":{"line":88,"column":19}},"29":{"start":{"line":107,"column":4},"end":{"line":109,"column":5}},"30":{"start":{"line":108,"column":6},"end":{"line":108,"column":60}},"31":{"start":{"line":111,"column":23},"end":{"line":111,"column":47}},"32":{"start":{"line":112,"column":35},"end":{"line":112,"column":37}},"33":{"start":{"line":115,"column":30},"end":{"line":115,"column":84}},"34":{"start":{"line":116,"column":4},"end":{"line":116,"column":69}},"35":{"start":{"line":119,"column":30},"end":{"line":119,"column":87}},"36":{"start":{"line":120,"column":4},"end":{"line":120,"column":72}},"37":{"start":{"line":123,"column":28},"end":{"line":123,"column":38}},"38":{"start":{"line":124,"column":4},"end":{"line":127,"column":5}},"39":{"start":{"line":124,"column":17},"end":{"line":124,"column":18}},"40":{"start":{"line":125,"column":36},"end":{"line":125,"column":81}},"41":{"start":{"line":126,"column":6},"end":{"line":126,"column":66}},"42":{"start":{"line":130,"column":4},"end":{"line":133,"column":5}},"43":{"start":{"line":130,"column":17},"end":{"line":130,"column":40}},"44":{"start":{"line":131,"column":16},"end":{"line":131,"column":51}},"45":{"start":{"line":132,"column":6},"end":{"line":132,"column":78}},"46":{"start":{"line":135,"column":4},"end":{"line":135,"column":33}},"47":{"start":{"line":146,"column":18},"end":{"line":146,"column":31}},"48":{"start":{"line":147,"column":4},"end":{"line":147,"column":31}},"49":{"start":{"line":157,"column":18},"end":{"line":157,"column":28}},"50":{"start":{"line":158,"column":4},"end":{"line":158,"column":31}},"51":{"start":{"line":171,"column":18},"end":{"line":171,"column":56}},"52":{"start":{"line":172,"column":4},"end":{"line":172,"column":31}},"53":{"start":{"line":183,"column":4},"end":{"line":183,"column":49}},"54":{"start":{"line":194,"column":4},"end":{"line":194,"column":68}},"55":{"start":{"line":204,"column":4},"end":{"line":204,"column":71}},"56":{"start":{"line":214,"column":4},"end":{"line":214,"column":57}},"57":{"start":{"line":225,"column":4},"end":{"line":225,"column":69}},"58":{"start":{"line":242,"column":4},"end":{"line":242,"column":54}},"59":{"start":{"line":242,"column":41},"end":{"line":242,"column":54}},"60":{"start":{"line":244,"column":28},"end":{"line":244,"column":58}},"61":{"start":{"line":245,"column":4},"end":{"line":245,"column":39}},"62":{"start":{"line":245,"column":26},"end":{"line":245,"column":39}},"63":{"start":{"line":247,"column":29},"end":{"line":247,"column":47}},"64":{"start":{"line":248,"column":4},"end":{"line":248,"column":44}},"65":{"start":{"line":260,"column":4},"end":{"line":260,"column":68}},"66":{"start":{"line":22,"column":0},"end":{"line":22,"column":22}}},"fnMap":{"0":{"name":"(anonymous_1)","decl":{"start":{"line":31,"column":36},"end":{"line":31,"column":37}},"loc":{"start":{"line":31,"column":57},"end":{"line":31,"column":90}}},"1":{"name":"(anonymous_2)","decl":{"start":{"line":32,"column":39},"end":{"line":32,"column":40}},"loc":{"start":{"line":32,"column":60},"end":{"line":32,"column":95}}},"2":{"name":"(anonymous_3)","decl":{"start":{"line":33,"column":44},"end":{"line":33,"column":45}},"loc":{"start":{"line":33,"column":57},"end":{"line":33,"column":97}}},"3":{"name":"(anonymous_4)","decl":{"start":{"line":36,"column":36},"end":{"line":36,"column":37}},"loc":{"start":{"line":36,"column":56},"end":{"line":36,"column":87}}},"4":{"name":"(anonymous_5)","decl":{"start":{"line":37,"column":39},"end":{"line":37,"column":40}},"loc":{"start":{"line":37,"column":59},"end":{"line":37,"column":93}}},"5":{"name":"(anonymous_6)","decl":{"start":{"line":38,"column":44},"end":{"line":38,"column":45}},"loc":{"start":{"line":38,"column":64},"end":{"line":38,"column":100}}},"6":{"name":"(anonymous_7)","decl":{"start":{"line":51,"column":2},"end":{"line":51,"column":null}},"loc":{"start":{"line":54,"column":46},"end":{"line":62,"column":3}}},"7":{"name":"(anonymous_8)","decl":{"start":{"line":74,"column":10},"end":{"line":74,"column":32}},"loc":{"start":{"line":74,"column":67},"end":{"line":89,"column":3}}},"8":{"name":"(anonymous_9)","decl":{"start":{"line":106,"column":10},"end":{"line":106,"column":42}},"loc":{"start":{"line":106,"column":57},"end":{"line":136,"column":3}}},"9":{"name":"(anonymous_10)","decl":{"start":{"line":145,"column":12},"end":{"line":145,"column":33}},"loc":{"start":{"line":145,"column":49},"end":{"line":148,"column":3}}},"10":{"name":"(anonymous_11)","decl":{"start":{"line":156,"column":12},"end":{"line":156,"column":31}},"loc":{"start":{"line":156,"column":47},"end":{"line":159,"column":3}}},"11":{"name":"(anonymous_12)","decl":{"start":{"line":170,"column":12},"end":{"line":170,"column":38}},"loc":{"start":{"line":170,"column":54},"end":{"line":173,"column":3}}},"12":{"name":"(anonymous_13)","decl":{"start":{"line":182,"column":12},"end":{"line":182,"column":28}},"loc":{"start":{"line":182,"column":44},"end":{"line":184,"column":3}}},"13":{"name":"(anonymous_14)","decl":{"start":{"line":193,"column":9},"end":{"line":193,"column":27}},"loc":{"start":{"line":193,"column":42},"end":{"line":195,"column":3}}},"14":{"name":"(anonymous_15)","decl":{"start":{"line":203,"column":9},"end":{"line":203,"column":30}},"loc":{"start":{"line":203,"column":45},"end":{"line":205,"column":3}}},"15":{"name":"(anonymous_16)","decl":{"start":{"line":213,"column":9},"end":{"line":213,"column":32}},"loc":{"start":{"line":213,"column":47},"end":{"line":215,"column":3}}},"16":{"name":"(anonymous_17)","decl":{"start":{"line":224,"column":9},"end":{"line":224,"column":13}},"loc":{"start":{"line":224,"column":29},"end":{"line":226,"column":3}}},"17":{"name":"(anonymous_18)","decl":{"start":{"line":241,"column":9},"end":{"line":241,"column":15}},"loc":{"start":{"line":241,"column":52},"end":{"line":249,"column":3}}},"18":{"name":"(anonymous_19)","decl":{"start":{"line":259,"column":9},"end":{"line":259,"column":17}},"loc":{"start":{"line":259,"column":17},"end":{"line":261,"column":3}}}},"branchMap":{"0":{"loc":{"start":{"line":53,"column":4},"end":{"line":53,"column":48}},"type":"default-arg","locations":[{"start":{"line":53,"column":27},"end":{"line":53,"column":48}}]},"1":{"loc":{"start":{"line":54,"column":4},"end":{"line":54,"column":46}},"type":"default-arg","locations":[{"start":{"line":54,"column":22},"end":{"line":54,"column":46}}]},"2":{"loc":{"start":{"line":75,"column":4},"end":{"line":77,"column":5}},"type":"if","locations":[{"start":{"line":75,"column":4},"end":{"line":77,"column":5}}]},"3":{"loc":{"start":{"line":78,"column":4},"end":{"line":80,"column":5}},"type":"if","locations":[{"start":{"line":78,"column":4},"end":{"line":80,"column":5}}]},"4":{"loc":{"start":{"line":107,"column":4},"end":{"line":109,"column":5}},"type":"if","locations":[{"start":{"line":107,"column":4},"end":{"line":109,"column":5}}]},"5":{"loc":{"start":{"line":242,"column":4},"end":{"line":242,"column":54}},"type":"if","locations":[{"start":{"line":242,"column":4},"end":{"line":242,"column":54}}]},"6":{"loc":{"start":{"line":245,"column":4},"end":{"line":245,"column":39}},"type":"if","locations":[{"start":{"line":245,"column":4},"end":{"line":245,"column":39}}]}},"s":{"0":7,"1":7,"2":7,"3":7,"4":30,"5":8,"6":5,"7":9,"8":30,"9":2,"10":1,"11":1,"12":30,"13":30,"14":30,"15":30,"16":30,"17":30,"18":9,"19":1,"20":8,"21":1,"22":7,"23":7,"24":7,"25":7,"26":54,"27":54,"28":7,"29":8,"30":2,"31":6,"32":6,"33":6,"34":6,"35":6,"36":6,"37":6,"38":6,"39":6,"40":36,"41":36,"42":6,"43":6,"44":42,"45":42,"46":6,"47":9,"48":9,"49":12,"50":12,"51":14,"52":14,"53":22,"54":3,"55":2,"56":4,"57":25,"58":15,"59":3,"60":12,"61":12,"62":5,"63":7,"64":7,"65":4,"66":7},"f":{"0":8,"1":5,"2":9,"3":2,"4":1,"5":1,"6":30,"7":9,"8":8,"9":9,"10":12,"11":14,"12":22,"13":3,"14":2,"15":4,"16":25,"17":15,"18":4},"b":{"0":[29],"1":[29],"2":[1],"3":[1],"4":[2],"5":[3],"6":[5]}}
,"/Users/minhtri/Documents/WorkSpace/Lapbee/Backend/src/utils/pinCode/core/PinCodeVerifyEmail.ts": {"path":"/Users/minhtri/Documents/WorkSpace/Lapbee/Backend/src/utils/pinCode/core/PinCodeVerifyEmail.ts","statementMap":{"0":{"start":{"line":1,"column":0},"end":{"line":1,"column":53}},"1":{"start":{"line":2,"column":0},"end":{"line":2,"column":69}},"2":{"start":{"line":3,"column":0},"end":{"line":3,"column":73}},"3":{"start":{"line":4,"column":0},"end":{"line":4,"column":39}},"4":{"start":{"line":6,"column":24},"end":{"line":6,"column":67}},"5":{"start":{"line":10,"column":4},"end":{"line":14,"column":7}},"6":{"start":{"line":8,"column":0},"end":{"line":8,"column":13}}},"fnMap":{"0":{"name":"(anonymous_0)","decl":{"start":{"line":9,"column":2},"end":{"line":9,"column":null}},"loc":{"start":{"line":9,"column":2},"end":{"line":15,"column":3}}}},"branchMap":{"0":{"loc":{"start":{"line":6,"column":24},"end":{"line":6,"column":67}},"type":"binary-expr","locations":[{"start":{"line":6,"column":24},"end":{"line":6,"column":62}},{"start":{"line":6,"column":66},"end":{"line":6,"column":67}}]}},"s":{"0":6,"1":6,"2":6,"3":6,"4":6,"5":6,"6":6},"f":{"0":6},"b":{"0":[6,3]}}
}
