TN:
SF:src/configs/env.config.ts
FNF:0
FNH:0
DA:1,3
LF:1
LH:1
BRDA:3,0,0,3
BRDA:3,0,1,3
BRDA:7,1,0,3
BRDA:7,1,1,3
BRDA:15,2,0,3
BRDA:15,2,1,3
BRDA:16,3,0,3
BRDA:16,3,1,3
BRF:8
BRH:8
end_of_record
TN:
SF:src/constants/errorCodes.constant.ts
FN:1,(anonymous_0)
FNF:1
FNH:1
FNDA:1,(anonymous_0)
DA:1,1
DA:2,1
LF:2
LH:2
BRDA:1,0,0,1
BRDA:1,0,1,1
BRF:2
BRH:2
end_of_record
TN:
SF:src/constants/errorInstance.constant.ts
FN:1,(anonymous_0)
FNF:1
FNH:1
FNDA:2,(anonymous_0)
DA:1,2
DA:2,2
LF:2
LH:2
BRDA:1,0,0,2
BRDA:1,0,1,2
BRF:2
BRH:2
end_of_record
TN:
SF:src/constants/errorInstanceName.constant.ts
FNF:0
FNH:0
DA:1,1
DA:7,1
LF:2
LH:2
BRF:0
BRH:0
end_of_record
TN:
SF:src/constants/errorMessages.constant.ts
FNF:0
FNH:0
DA:1,1
DA:7,1
LF:2
LH:2
BRF:0
BRH:0
end_of_record
TN:
SF:src/errors/AppError.error.ts
FN:11,(anonymous_0)
FNF:1
FNH:1
FNDA:1,(anonymous_0)
DA:2,1
DA:4,1
DA:6,1
DA:7,1
DA:9,1
DA:12,1
DA:13,1
DA:14,1
DA:16,1
DA:18,1
LF:10
LH:10
BRF:0
BRH:0
end_of_record
TN:
SF:src/utils/responses.util.ts
FN:20,(anonymous_0)
FN:31,(anonymous_1)
FN:36,(anonymous_2)
FNF:3
FNH:3
FNDA:3,(anonymous_0)
FNDA:1,(anonymous_1)
FNDA:3,(anonymous_2)
DA:1,3
DA:4,3
DA:20,3
DA:21,3
DA:22,3
DA:31,3
DA:32,1
DA:33,1
DA:36,3
DA:37,3
DA:39,3
DA:56,3
DA:57,1
DA:60,3
LF:14
LH:14
BRDA:26,0,0,3
BRDA:26,0,1,1
BRDA:27,1,0,3
BRDA:27,1,1,2
BRDA:47,2,0,3
BRDA:47,2,1,1
BRDA:56,3,0,1
BRF:7
BRH:7
end_of_record
